INFO 2025-08-14 18:57:57,235 views 58484 125986850981440 НАЗНАЧЕНИЕ ПРОРАБА: Менеджер manager@example.com назначил прораба foreman@example.com на новую смету
INFO 2025-08-14 19:00:02,275 views 60338 136565417297472 НАЗНАЧЕНИЕ ПРОРАБА: Менеджер manager@example.com назначил прораба foreman@example.com на новую смету
INFO 2025-08-14 19:00:02,304 views 60338 136565408904768 ДОСТУП К СМЕТЕ: Пользователь foreman@example.com получил доступ к смете 45
INFO 2025-08-14 19:00:52,239 views 60338 136565425690176 НАЗНАЧЕНИЕ ПРОРАБА: Менеджер manager@example.com назначил прораба manager@example.com на новую смету
INFO 2025-08-14 19:00:52,306 views 60338 136565435131456 ДОСТУП К СМЕТЕ: Пользователь manager@example.com получил доступ к смете 46
INFO 2025-08-14 19:01:59,273 views 60338 136565061842496 НАЗНАЧЕНИЕ ПРОРАБА: Менеджер prorab_2@gmail.com назначил прораба manager@example.com на новую смету
INFO 2025-08-14 19:02:30,252 views 60338 136565061842496 НАЗНАЧЕНИЕ ПРОРАБА: Менеджер prorab_2@gmail.com назначил прораба manager@example.com на новую смету
INFO 2025-08-14 20:39:17,852 views 101261 126340678280768 ДОСТУП К СМЕТЕ: Пользователь manager@example.com получил доступ к смете 30
INFO 2025-08-14 20:39:35,932 views 101261 126340678280768 ДОСТУП К СМЕТЕ: Пользователь manager@example.com получил доступ к смете 36
INFO 2025-08-14 20:39:58,630 views 101261 126340678280768 ДОСТУП К СМЕТЕ: Пользователь manager@example.com получил доступ к смете 37
INFO 2025-08-14 20:40:22,374 views 101261 126340678280768 ДОСТУП К СМЕТЕ: Пользователь manager@example.com получил доступ к смете 37
INFO 2025-08-14 21:09:17,237 views 113478 133454930892352 НАЗНАЧЕНИЕ ПРОРАБА: Менеджер manager@example.com назначил прораба manager@example.com на новую смету
INFO 2025-08-14 21:10:06,183 views 113478 133454565996096 НАЗНАЧЕНИЕ ПРОРАБА: Менеджер foreman@example.com назначил прораба foreman@example.com на новую смету
INFO 2025-08-14 21:13:26,843 views 113478 133454565996096 НАЗНАЧЕНИЕ ПРОРАБА: Менеджер foreman@example.com назначил прораба foreman@example.com на новую смету
INFO 2025-08-14 21:18:23,414 views 113478 133454930892352 ДОСТУП К СМЕТЕ: Пользователь manager@example.com получил доступ к смете 49
INFO 2025-08-14 21:18:31,924 views 113478 133454524032576 ДОСТУП К СМЕТЕ: Пользователь manager@example.com получил доступ к смете 51
INFO 2025-08-14 21:20:24,014 views 113478 133454524032576 НАЗНАЧЕНИЕ ПРОРАБА: Менеджер manager@example.com назначил прораба manager@example.com на новую смету
INFO 2025-08-15 09:42:48,111 views 139088 130484092794432 ДОСТУП К СМЕТЕ: Пользователь manager@example.com получил доступ к смете 50
INFO 2025-08-15 09:52:09,897 views 139088 130484092794432 ДОСТУП К СМЕТЕ: Пользователь manager@example.com получил доступ к смете 52
INFO 2025-08-15 09:52:42,302 views 139088 130484092794432 ДОСТУП К СМЕТЕ: Пользователь manager@example.com получил доступ к смете 52
INFO 2025-08-15 09:54:30,237 views 139088 130484083353152 НАЗНАЧЕНИЕ ПРОРАБА: Менеджер foreman@example.com назначил прораба foreman@example.com на новую смету
INFO 2025-08-15 09:58:08,387 views 139088 130483815949888 ДОСТУП К СМЕТЕ: Пользователь manager@example.com получил доступ к смете 53
INFO 2025-08-15 13:31:30,517 views 139088 130483849520704 ДОСТУП К СМЕТЕ: Пользователь manager@example.com получил доступ к смете 50
INFO 2025-08-16 20:45:22,598 views 527877 139013990114880 НАЗНАЧЕНИЕ ПРОРАБА: Менеджер manager@example.com назначил прораба manager@example.com на новую смету
INFO 2025-08-16 21:04:13,912 views 534969 140022812489280 НАЗНАЧЕНИЕ ПРОРАБА: Менеджер manager@example.com назначил прораба manager@example.com на новую смету
INFO 2025-08-17 09:28:25,294 views 534969 140022837667392 ДОСТУП К СМЕТЕ: Пользователь manager@example.com получил доступ к смете 2
INFO 2025-08-17 09:41:26,580 views 534969 140022233687616 НАЗНАЧЕНИЕ ПРОРАБА: Менеджер foreman@example.com назначил прораба foreman@example.com на новую смету
INFO 2025-08-17 09:46:17,257 views 534969 140022233687616 ДОСТУП К СМЕТЕ: Пользователь manager@example.com получил доступ к смете 1
INFO 2025-08-17 10:45:34,992 views 573101 126707573978688 НАЗНАЧЕНИЕ ПРОРАБА: Менеджер foreman@example.com назначил прораба foreman@example.com на новую смету
INFO 2025-08-17 10:45:51,452 views 573101 126707573978688 НАЗНАЧЕНИЕ ПРОРАБА: Менеджер foreman@example.com назначил прораба foreman@example.com на новую смету
INFO 2025-08-17 10:46:19,654 views 573101 126707548800576 НАЗНАЧЕНИЕ ПРОРАБА: Менеджер foreman@example.com назначил прораба foreman@example.com на новую смету
INFO 2025-08-17 21:01:57,901 views 651315 134714249643584 НАЗНАЧЕНИЕ ПРОРАБА: Менеджер foreman@example.com назначил прораба foreman@example.com на новую смету
INFO 2025-08-17 21:02:30,684 views 651315 134714249643584 НАЗНАЧЕНИЕ ПРОРАБА: Менеджер foreman@example.com назначил прораба foreman@example.com на новую смету
INFO 2025-08-17 21:03:54,630 views 651315 134714216072768 НАЗНАЧЕНИЕ ПРОРАБА: Менеджер foreman@example.com назначил прораба foreman@example.com на новую смету
INFO 2025-08-17 21:12:23,057 views 651315 134714241250880 ДОСТУП К СМЕТЕ: Пользователь manager@example.com получил доступ к смете 5
INFO 2025-08-17 21:15:35,645 views 651315 134713840752192 ДОСТУП К СМЕТЕ: Пользователь manager@example.com получил доступ к смете 9
INFO 2025-08-17 21:17:08,383 views 651315 134714216072768 НАЗНАЧЕНИЕ ПРОРАБА: Менеджер foreman@example.com назначил прораба foreman@example.com на новую смету
INFO 2025-08-18 06:47:02,735 views 651315 134714224465472 ДОСТУП К СМЕТЕ: Пользователь manager@example.com получил доступ к смете 12
INFO 2025-08-18 06:47:22,480 views 651315 134714224465472 ДОСТУП К СМЕТЕ: Пользователь manager@example.com получил доступ к смете 12
INFO 2025-08-18 18:46:44,652 views 651315 134714241250880 ДОСТУП К СМЕТЕ: Пользователь foreman@example.com получил доступ к смете 1
INFO 2025-08-21 09:21:24,999 views 51314 128539243251264 ДОСТУП К СМЕТЕ: Пользователь foreman@example.com получил доступ к смете 18
INFO 2025-08-21 09:22:11,341 views 51314 128539200239168 ДОСТУП К СМЕТЕ: Пользователь foreman@example.com получил доступ к смете 14
INFO 2025-08-21 09:22:25,623 views 51314 128539243251264 ДОСТУП К СМЕТЕ: Пользователь foreman@example.com получил доступ к смете 14
INFO 2025-08-21 09:22:57,162 views 51314 128539243251264 ДОСТУП К СМЕТЕ: Пользователь foreman@example.com получил доступ к смете 12
INFO 2025-08-23 11:06:10,468 views 282086 137530649327168 ДОСТУП К СМЕТЕ: Пользователь foreman@example.com получил доступ к смете 13
